Connecting to database specified by database.yml
Connecting to database specified by database.yml
Connecting to database specified by database.yml
Connecting to database specified by database.yml
Connecting to database specified by database.yml
Connecting to database specified by database.yml
  [1m[36m (0.1ms)[0m  [1mselect sqlite_version(*)[0m
  [1m[35m (0.9ms)[0m  CREATE TABLE "schema_migrations" ("version" varchar(255) NOT NULL) 
  [1m[36m (0.0ms)[0m  [1mPRAGMA index_list("schema_migrations")[0m
  [1m[35m (0.7ms)[0m  CREATE UNIQUE INDEX "unique_schema_migrations" ON "schema_migrations" ("version")
  [1m[36m (0.1ms)[0m  [1mSELECT "schema_migrations"."version" FROM "schema_migrations" [0m
Migrating to CreatePerformers (20130118193100)
  [1m[35m (0.0ms)[0m  begin transaction
  [1m[36m (0.3ms)[0m  [1mCREATE TABLE "performers" ("id" INTEGER PRIMARY KEY AUTOINCREMENT NOT NULL, "name" varchar(255), "first_name" varchar(255), "last_name" varchar(255), "last_latitude" decimal, "last_longitude" varchar(255), "money_ytd" decimal, "street_name" varchar(255), "picture_url" varchar(255), "created_at" datetime NOT NULL, "updated_at" datetime NOT NULL) [0m
  [1m[35m (0.1ms)[0m  INSERT INTO "schema_migrations" ("version") VALUES ('20130118193100')
  [1m[36m (0.6ms)[0m  [1mcommit transaction[0m
Migrating to CreatePerformances (20130118195031)
  [1m[35m (0.0ms)[0m  begin transaction
  [1m[36m (0.2ms)[0m  [1mCREATE TABLE "performances" ("id" INTEGER PRIMARY KEY AUTOINCREMENT NOT NULL, "name" varchar(255), "performed_at" datetime, "performed_latitude" decimal, "performed_longitude" decimal, "created_at" datetime NOT NULL, "updated_at" datetime NOT NULL) [0m
  [1m[35m (0.1ms)[0m  INSERT INTO "schema_migrations" ("version") VALUES ('20130118195031')
  [1m[36m (0.6ms)[0m  [1mcommit transaction[0m
Migrating to AddPerformerIdToPerformances (20130118200526)
  [1m[35m (0.0ms)[0m  begin transaction
  [1m[36m (0.2ms)[0m  [1mALTER TABLE "performances" ADD "performer_id" integer[0m
  [1m[35m (0.1ms)[0m  INSERT INTO "schema_migrations" ("version") VALUES ('20130118200526')
  [1m[36m (0.6ms)[0m  [1mcommit transaction[0m
  [1m[35m (0.2ms)[0m  select sqlite_version(*)
  [1m[36m (0.1ms)[0m  [1mSELECT "schema_migrations"."version" FROM "schema_migrations" [0m
  [1m[35m (0.0ms)[0m  PRAGMA index_list("performances")
  [1m[36m (0.0ms)[0m  [1mPRAGMA index_list("performers")[0m


Started GET "/assets/rails.png" for 127.0.0.1 at 2013-01-18 14:07:23 -0600
Connecting to database specified by database.yml
Served asset /rails.png - 200 OK (5ms)


Started GET "/performer" for 127.0.0.1 at 2013-01-18 14:07:33 -0600

ActionController::RoutingError (No route matches [GET] "/performer"):
  actionpack (3.2.8) lib/action_dispatch/middleware/debug_exceptions.rb:21:in `call'
  actionpack (3.2.8) lib/action_dispatch/middleware/show_exceptions.rb:56:in `call'
  railties (3.2.8) lib/rails/rack/logger.rb:26:in `call_app'
  railties (3.2.8) lib/rails/rack/logger.rb:16:in `call'
  actionpack (3.2.8) lib/action_dispatch/middleware/request_id.rb:22:in `call'
  rack (1.4.4) lib/rack/methodoverride.rb:21:in `call'
  rack (1.4.4) lib/rack/runtime.rb:17:in `call'
  activesupport (3.2.8) lib/active_support/cache/strategy/local_cache.rb:72:in `call'
  rack (1.4.4) lib/rack/lock.rb:15:in `call'
  actionpack (3.2.8) lib/action_dispatch/middleware/static.rb:62:in `call'
  railties (3.2.8) lib/rails/engine.rb:479:in `call'
  railties (3.2.8) lib/rails/application.rb:223:in `call'
  rack (1.4.4) lib/rack/content_length.rb:14:in `call'
  railties (3.2.8) lib/rails/rack/log_tailer.rb:17:in `call'
  rack (1.4.4) lib/rack/handler/webrick.rb:59:in `service'
  /Users/raghav/.rvm/rubies/ruby-1.9.3-p194/lib/ruby/1.9.1/webrick/httpserver.rb:138:in `service'
  /Users/raghav/.rvm/rubies/ruby-1.9.3-p194/lib/ruby/1.9.1/webrick/httpserver.rb:94:in `run'
  /Users/raghav/.rvm/rubies/ruby-1.9.3-p194/lib/ruby/1.9.1/webrick/server.rb:191:in `block in start_thread'


  Rendered /Users/raghav/.rvm/gems/ruby-1.9.3-p194/gems/actionpack-3.2.8/lib/action_dispatch/middleware/templates/rescues/routing_error.erb within rescues/layout (15.6ms)
Connecting to database specified by database.yml


Started GET "/performers" for 127.0.0.1 at 2013-01-18 14:08:03 -0600
Processing by PerformersController#index as HTML
  [1m[36mPerformer Load (0.1ms)[0m  [1mSELECT "performers".* FROM "performers" [0m
  Rendered performers/index.html.erb within layouts/application (0.8ms)
Compiled performances.css  (18ms)  (pid 14468)
Compiled performers.css  (1ms)  (pid 14468)
Compiled scaffolds.css  (10ms)  (pid 14468)
Compiled application.css  (47ms)  (pid 14468)
Compiled jquery.js  (1ms)  (pid 14468)
Compiled jquery_ujs.js  (0ms)  (pid 14468)
Compiled performances.js  (142ms)  (pid 14468)
Compiled performers.js  (89ms)  (pid 14468)
Compiled application.js  (278ms)  (pid 14468)
Completed 200 OK in 435ms (Views: 417.5ms | ActiveRecord: 1.2ms)


Started GET "/assets/application.css?body=1" for 127.0.0.1 at 2013-01-18 14:08:04 -0600
Served asset /application.css - 200 OK (6ms)


Started GET "/assets/performances.css?body=1" for 127.0.0.1 at 2013-01-18 14:08:04 -0600
Served asset /performances.css - 200 OK (1ms)


Started GET "/assets/performers.css?body=1" for 127.0.0.1 at 2013-01-18 14:08:04 -0600
Served asset /performers.css - 200 OK (3ms)


Started GET "/assets/scaffolds.css?body=1" for 127.0.0.1 at 2013-01-18 14:08:04 -0600
Served asset /scaffolds.css - 200 OK (2ms)


Started GET "/assets/jquery.js?body=1" for 127.0.0.1 at 2013-01-18 14:08:04 -0600
Served asset /jquery.js - 200 OK (1ms)


Started GET "/assets/jquery_ujs.js?body=1" for 127.0.0.1 at 2013-01-18 14:08:04 -0600
Served asset /jquery_ujs.js - 200 OK (2ms)


Started GET "/assets/performances.js?body=1" for 127.0.0.1 at 2013-01-18 14:08:04 -0600
Served asset /performances.js - 200 OK (1ms)


Started GET "/assets/performers.js?body=1" for 127.0.0.1 at 2013-01-18 14:08:04 -0600
Served asset /performers.js - 200 OK (1ms)


Started GET "/assets/application.js?body=1" for 127.0.0.1 at 2013-01-18 14:08:04 -0600
Served asset /application.js - 200 OK (21ms)


Started GET "/performers/new" for 127.0.0.1 at 2013-01-18 14:08:07 -0600
Processing by PerformersController#new as HTML
  Rendered performers/_form.html.erb (8.5ms)
  Rendered performers/new.html.erb within layouts/application (14.4ms)
Completed 200 OK in 27ms (Views: 18.3ms | ActiveRecord: 0.0ms)


Started GET "/performances" for 127.0.0.1 at 2013-01-18 14:08:13 -0600
Processing by PerformancesController#index as HTML
  [1m[35mPerformance Load (0.1ms)[0m  SELECT "performances".* FROM "performances" 
  Rendered performances/index.html.erb within layouts/application (0.8ms)
Completed 200 OK in 7ms (Views: 4.9ms | ActiveRecord: 0.3ms)


Started GET "/assets/rails.png" for 127.0.0.1 at 2013-01-18 20:43:11 -0600
Connecting to database specified by database.yml
Served asset /rails.png - 304 Not Modified (2ms)


Started GET "/performances" for 127.0.0.1 at 2013-01-18 20:43:15 -0600
Processing by PerformancesController#index as HTML
  [1m[36mPerformance Load (0.4ms)[0m  [1mSELECT "performances".* FROM "performances" [0m
  Rendered performances/index.html.erb within layouts/application (2.9ms)
Completed 200 OK in 79ms (Views: 59.1ms | ActiveRecord: 1.9ms)


Started GET "/assets/application.css?body=1" for 127.0.0.1 at 2013-01-18 20:43:15 -0600
Served asset /application.css - 304 Not Modified (8ms)


Started GET "/assets/jquery.js?body=1" for 127.0.0.1 at 2013-01-18 20:43:15 -0600
Served asset /jquery.js - 304 Not Modified (1ms)


Started GET "/assets/performers.css?body=1" for 127.0.0.1 at 2013-01-18 20:43:15 -0600
Served asset /performers.css - 304 Not Modified (1ms)


Started GET "/assets/jquery_ujs.js?body=1" for 127.0.0.1 at 2013-01-18 20:43:15 -0600
Served asset /jquery_ujs.js - 304 Not Modified (2ms)


Started GET "/assets/performances.css?body=1" for 127.0.0.1 at 2013-01-18 20:43:15 -0600
Served asset /performances.css - 304 Not Modified (1ms)


Started GET "/assets/scaffolds.css?body=1" for 127.0.0.1 at 2013-01-18 20:43:15 -0600
Served asset /scaffolds.css - 304 Not Modified (1ms)


Started GET "/assets/performances.js?body=1" for 127.0.0.1 at 2013-01-18 20:43:15 -0600
Served asset /performances.js - 304 Not Modified (1ms)


Started GET "/assets/performers.js?body=1" for 127.0.0.1 at 2013-01-18 20:43:15 -0600
Served asset /performers.js - 304 Not Modified (1ms)


Started GET "/assets/application.js?body=1" for 127.0.0.1 at 2013-01-18 20:43:15 -0600
Served asset /application.js - 304 Not Modified (6ms)


Started GET "/performances" for 127.0.0.1 at 2013-01-18 20:45:22 -0600
Processing by PerformancesController#index as HTML
  [1m[35mPerformance Load (0.1ms)[0m  SELECT "performances".* FROM "performances" 
  Rendered performances/index.html.erb within layouts/application (0.3ms)
Completed 200 OK in 7ms (Views: 5.9ms | ActiveRecord: 0.1ms)


Started GET "/assets/application.css?body=1" for 127.0.0.1 at 2013-01-18 20:45:22 -0600
Served asset /application.css - 304 Not Modified (5ms)


Started GET "/assets/scaffolds.css?body=1" for 127.0.0.1 at 2013-01-18 20:45:22 -0600
Served asset /scaffolds.css - 304 Not Modified (0ms)


Started GET "/assets/jquery_ujs.js?body=1" for 127.0.0.1 at 2013-01-18 20:45:22 -0600
Served asset /jquery_ujs.js - 304 Not Modified (0ms)


Started GET "/assets/performers.css?body=1" for 127.0.0.1 at 2013-01-18 20:45:22 -0600
Served asset /performers.css - 304 Not Modified (0ms)


Started GET "/assets/performances.css?body=1" for 127.0.0.1 at 2013-01-18 20:45:22 -0600
Served asset /performances.css - 304 Not Modified (0ms)


Started GET "/assets/jquery.js?body=1" for 127.0.0.1 at 2013-01-18 20:45:22 -0600
Served asset /jquery.js - 304 Not Modified (0ms)


Started GET "/assets/performances.js?body=1" for 127.0.0.1 at 2013-01-18 20:45:22 -0600
Served asset /performances.js - 304 Not Modified (1ms)


Started GET "/assets/performers.js?body=1" for 127.0.0.1 at 2013-01-18 20:45:22 -0600
Served asset /performers.js - 304 Not Modified (0ms)


Started GET "/assets/application.js?body=1" for 127.0.0.1 at 2013-01-18 20:45:22 -0600
Served asset /application.js - 304 Not Modified (0ms)


Started GET "/performer" for 127.0.0.1 at 2013-01-18 20:45:27 -0600

ActionController::RoutingError (No route matches [GET] "/performer"):
  actionpack (3.2.8) lib/action_dispatch/middleware/debug_exceptions.rb:21:in `call'
  actionpack (3.2.8) lib/action_dispatch/middleware/show_exceptions.rb:56:in `call'
  railties (3.2.8) lib/rails/rack/logger.rb:26:in `call_app'
  railties (3.2.8) lib/rails/rack/logger.rb:16:in `call'
  actionpack (3.2.8) lib/action_dispatch/middleware/request_id.rb:22:in `call'
  rack (1.4.4) lib/rack/methodoverride.rb:21:in `call'
  rack (1.4.4) lib/rack/runtime.rb:17:in `call'
  activesupport (3.2.8) lib/active_support/cache/strategy/local_cache.rb:72:in `call'
  rack (1.4.4) lib/rack/lock.rb:15:in `call'
  actionpack (3.2.8) lib/action_dispatch/middleware/static.rb:62:in `call'
  railties (3.2.8) lib/rails/engine.rb:479:in `call'
  railties (3.2.8) lib/rails/application.rb:223:in `call'
  rack (1.4.4) lib/rack/content_length.rb:14:in `call'
  railties (3.2.8) lib/rails/rack/log_tailer.rb:17:in `call'
  rack (1.4.4) lib/rack/handler/webrick.rb:59:in `service'
  /Users/raghav/.rvm/rubies/ruby-1.9.3-p194/lib/ruby/1.9.1/webrick/httpserver.rb:138:in `service'
  /Users/raghav/.rvm/rubies/ruby-1.9.3-p194/lib/ruby/1.9.1/webrick/httpserver.rb:94:in `run'
  /Users/raghav/.rvm/rubies/ruby-1.9.3-p194/lib/ruby/1.9.1/webrick/server.rb:191:in `block in start_thread'


  Rendered /Users/raghav/.rvm/gems/ruby-1.9.3-p194/gems/actionpack-3.2.8/lib/action_dispatch/middleware/templates/rescues/routing_error.erb within rescues/layout (0.5ms)


Started GET "/performer" for 127.0.0.1 at 2013-01-18 20:45:28 -0600

ActionController::RoutingError (No route matches [GET] "/performer"):
  actionpack (3.2.8) lib/action_dispatch/middleware/debug_exceptions.rb:21:in `call'
  actionpack (3.2.8) lib/action_dispatch/middleware/show_exceptions.rb:56:in `call'
  railties (3.2.8) lib/rails/rack/logger.rb:26:in `call_app'
  railties (3.2.8) lib/rails/rack/logger.rb:16:in `call'
  actionpack (3.2.8) lib/action_dispatch/middleware/request_id.rb:22:in `call'
  rack (1.4.4) lib/rack/methodoverride.rb:21:in `call'
  rack (1.4.4) lib/rack/runtime.rb:17:in `call'
  activesupport (3.2.8) lib/active_support/cache/strategy/local_cache.rb:72:in `call'
  rack (1.4.4) lib/rack/lock.rb:15:in `call'
  actionpack (3.2.8) lib/action_dispatch/middleware/static.rb:62:in `call'
  railties (3.2.8) lib/rails/engine.rb:479:in `call'
  railties (3.2.8) lib/rails/application.rb:223:in `call'
  rack (1.4.4) lib/rack/content_length.rb:14:in `call'
  railties (3.2.8) lib/rails/rack/log_tailer.rb:17:in `call'
  rack (1.4.4) lib/rack/handler/webrick.rb:59:in `service'
  /Users/raghav/.rvm/rubies/ruby-1.9.3-p194/lib/ruby/1.9.1/webrick/httpserver.rb:138:in `service'
  /Users/raghav/.rvm/rubies/ruby-1.9.3-p194/lib/ruby/1.9.1/webrick/httpserver.rb:94:in `run'
  /Users/raghav/.rvm/rubies/ruby-1.9.3-p194/lib/ruby/1.9.1/webrick/server.rb:191:in `block in start_thread'


  Rendered /Users/raghav/.rvm/gems/ruby-1.9.3-p194/gems/actionpack-3.2.8/lib/action_dispatch/middleware/templates/rescues/routing_error.erb within rescues/layout (0.4ms)


Started GET "/performers" for 127.0.0.1 at 2013-01-18 20:45:30 -0600
Processing by PerformersController#index as HTML
  [1m[36mPerformer Load (0.4ms)[0m  [1mSELECT "performers".* FROM "performers" [0m
  Rendered performers/index.html.erb within layouts/application (0.8ms)
Completed 200 OK in 8ms (Views: 6.2ms | ActiveRecord: 0.6ms)


Started GET "/assets/scaffolds.css?body=1" for 127.0.0.1 at 2013-01-18 20:45:30 -0600
Served asset /scaffolds.css - 304 Not Modified (1ms)


Started GET "/assets/performers.css?body=1" for 127.0.0.1 at 2013-01-18 20:45:30 -0600
Served asset /performers.css - 304 Not Modified (0ms)


Started GET "/assets/jquery.js?body=1" for 127.0.0.1 at 2013-01-18 20:45:30 -0600
Served asset /jquery.js - 304 Not Modified (0ms)


Started GET "/assets/performances.css?body=1" for 127.0.0.1 at 2013-01-18 20:45:30 -0600
Served asset /performances.css - 304 Not Modified (0ms)


Started GET "/assets/application.css?body=1" for 127.0.0.1 at 2013-01-18 20:45:30 -0600
Served asset /application.css - 304 Not Modified (0ms)


Started GET "/assets/jquery_ujs.js?body=1" for 127.0.0.1 at 2013-01-18 20:45:30 -0600
Served asset /jquery_ujs.js - 304 Not Modified (0ms)


Started GET "/assets/performances.js?body=1" for 127.0.0.1 at 2013-01-18 20:45:30 -0600
Served asset /performances.js - 304 Not Modified (1ms)


Started GET "/assets/performers.js?body=1" for 127.0.0.1 at 2013-01-18 20:45:30 -0600
Served asset /performers.js - 304 Not Modified (0ms)


Started GET "/assets/application.js?body=1" for 127.0.0.1 at 2013-01-18 20:45:30 -0600
Served asset /application.js - 304 Not Modified (0ms)
Connecting to database specified by database.yml
Connecting to database specified by database.yml
  [1m[36m (1.7ms)[0m  [1mSELECT "schema_migrations"."version" FROM "schema_migrations" [0m
Migrating to CreatePerformers (20130118193100)
Migrating to CreatePerformances (20130118195031)
Migrating to AddPerformerIdToPerformances (20130118200526)
Migrating to AddLatitudeAndLongitudeToPerformer (20130119025914)
  [1m[35m (0.1ms)[0m  select sqlite_version(*)
  [1m[36m (0.0ms)[0m  [1mbegin transaction[0m
  [1m[35m (0.4ms)[0m  ALTER TABLE "performers" ADD "latitude" float
  [1m[36m (0.1ms)[0m  [1mALTER TABLE "performers" ADD "longitude" float[0m
  [1m[35m (0.1ms)[0m  INSERT INTO "schema_migrations" ("version") VALUES ('20130119025914')
  [1m[36m (0.7ms)[0m  [1mcommit transaction[0m
  [1m[35m (0.2ms)[0m  select sqlite_version(*)
  [1m[36m (0.1ms)[0m  [1mSELECT "schema_migrations"."version" FROM "schema_migrations" [0m
  [1m[35m (0.0ms)[0m  PRAGMA index_list("performances")
  [1m[36m (0.0ms)[0m  [1mPRAGMA index_list("performers")[0m
